0 info it worked if it ends with ok
1 verbose cli [ '/usr/bin/nodejs', '/usr/bin/npm', 'install', '-g', 'stylus' ]
2 info using npm@2.14.20
3 info using node@v4.4.1
4 verbose install initial load of /usr/lib/package.json
5 verbose readDependencies loading dependencies from /usr/lib/package.json
6 silly cache add args [ 'stylus', null ]
7 verbose cache add spec stylus
8 silly cache add parsed spec Result {
8 silly cache add   raw: 'stylus',
8 silly cache add   scope: null,
8 silly cache add   name: 'stylus',
8 silly cache add   rawSpec: '',
8 silly cache add   spec: 'latest',
8 silly cache add   type: 'tag' }
9 silly addNamed stylus@latest
10 verbose addNamed "latest" is being treated as a dist-tag for stylus
11 info addNameTag [ 'stylus', 'latest' ]
12 silly mapToRegistry name stylus
13 silly mapToRegistry using default registry
14 silly mapToRegistry registry https://registry.npmjs.org/
15 silly mapToRegistry uri https://registry.npmjs.org/stylus
16 verbose addNameTag registry:https://registry.npmjs.org/stylus not in flight; fetching
17 verbose request uri https://registry.npmjs.org/stylus
18 verbose request no auth needed
19 info attempt registry request try #1 at 01:27:16
20 verbose request id 553822023722941e
21 verbose etag "BBWEWC8KQSHS394K6HVZSUZIW"
22 http request GET https://registry.npmjs.org/stylus
23 http 304 https://registry.npmjs.org/stylus
24 verbose headers { date: 'Thu, 31 Mar 2016 05:27:23 GMT',
24 verbose headers   via: '1.1 varnish',
24 verbose headers   'cache-control': 'max-age=300',
24 verbose headers   etag: '"BBWEWC8KQSHS394K6HVZSUZIW"',
24 verbose headers   age: '75',
24 verbose headers   connection: 'keep-alive',
24 verbose headers   'x-served-by': 'cache-iad2135-IAD',
24 verbose headers   'x-cache': 'HIT',
24 verbose headers   'x-cache-hits': '1',
24 verbose headers   'x-timer': 'S1459402043.173211,VS0,VE0',
24 verbose headers   vary: 'Accept' }
25 silly get cb [ 304,
25 silly get   { date: 'Thu, 31 Mar 2016 05:27:23 GMT',
25 silly get     via: '1.1 varnish',
25 silly get     'cache-control': 'max-age=300',
25 silly get     etag: '"BBWEWC8KQSHS394K6HVZSUZIW"',
25 silly get     age: '75',
25 silly get     connection: 'keep-alive',
25 silly get     'x-served-by': 'cache-iad2135-IAD',
25 silly get     'x-cache': 'HIT',
25 silly get     'x-cache-hits': '1',
25 silly get     'x-timer': 'S1459402043.173211,VS0,VE0',
25 silly get     vary: 'Accept' } ]
26 verbose etag https://registry.npmjs.org/stylus from cache
27 verbose get saving stylus to /home/carlos/.npm/registry.npmjs.org/stylus/.cache.json
28 verbose correctMkdir /home/carlos/.npm correctMkdir not in flight; initializing
29 silly addNameTag next cb for stylus with tag latest
30 silly addNamed stylus@0.54.2
31 verbose addNamed "0.54.2" is a plain semver version for stylus
32 silly cache afterAdd stylus@0.54.2
33 verbose afterAdd /home/carlos/.npm/stylus/0.54.2/package/package.json not in flight; writing
34 verbose correctMkdir /home/carlos/.npm correctMkdir not in flight; initializing
35 verbose afterAdd /home/carlos/.npm/stylus/0.54.2/package/package.json written
36 silly install resolved [ { name: 'stylus',
36 silly install resolved     description: 'Robust, expressive, and feature-rich CSS superset',
36 silly install resolved     version: '0.54.2',
36 silly install resolved     author: { name: 'TJ Holowaychuk', email: 'tj@vision-media.ca' },
36 silly install resolved     keywords: [ 'css', 'parser', 'style', 'stylesheets', 'jade', 'language' ],
36 silly install resolved     repository: { type: 'git', url: 'git://github.com/stylus/stylus.git' },
36 silly install resolved     main: './index.js',
36 silly install resolved     browserify: './lib/browserify.js',
36 silly install resolved     engines: { node: '*' },
36 silly install resolved     bin: { stylus: './bin/stylus' },
36 silly install resolved     scripts:
36 silly install resolved      { prepublish: 'npm prune',
36 silly install resolved        test: 'mocha test/ test/middleware/ --require should --bail --check-leaks --reporter dot',
36 silly install resolved        'test-cov': 'mocha test/ test/middleware/ --require should --bail --reporter html-cov > coverage.html' },
36 silly install resolved     dependencies:
36 silly install resolved      { 'css-parse': '1.7.x',
36 silly install resolved        mkdirp: '0.5.x',
36 silly install resolved        debug: '*',
36 silly install resolved        sax: '0.5.x',
36 silly install resolved        glob: '3.2.x',
36 silly install resolved        'source-map': '0.1.x' },
36 silly install resolved     devDependencies: { should: '8.x', mocha: '*', jscoverage: '0.3.8' },
36 silly install resolved     bugs: { url: 'https://github.com/stylus/stylus/issues' },
36 silly install resolved     homepage: 'https://github.com/stylus/stylus',
36 silly install resolved     directories: { doc: 'docs', example: 'examples', test: 'test' },
36 silly install resolved     license: 'MIT',
36 silly install resolved     gitHead: '0ac8abe202160172c3b1bf8cd28cbf17eedfbefd',
36 silly install resolved     _id: 'stylus@0.54.2',
36 silly install resolved     _shasum: '77f0da93cde5a55ab917496850b7ab5214474a0b',
36 silly install resolved     _from: 'stylus@latest',
36 silly install resolved     _npmVersion: '3.7.3',
36 silly install resolved     _nodeVersion: '5.8.0',
36 silly install resolved     _npmUser: { name: 'panya', email: 'panyakor@gmail.com' },
36 silly install resolved     maintainers: [ [Object], [Object], [Object] ],
36 silly install resolved     dist:
36 silly install resolved      { shasum: '77f0da93cde5a55ab917496850b7ab5214474a0b',
36 silly install resolved        tarball: 'https://registry.npmjs.org/stylus/-/stylus-0.54.2.tgz' },
36 silly install resolved     _npmOperationalInternal:
36 silly install resolved      { host: 'packages-13-west.internal.npmjs.com',
36 silly install resolved        tmp: 'tmp/stylus-0.54.2.tgz_1457731608401_0.5718708764761686' },
36 silly install resolved     _resolved: 'https://registry.npmjs.org/stylus/-/stylus-0.54.2.tgz',
36 silly install resolved     readme: 'ERROR: No README data found!' } ]
37 info install stylus@0.54.2 into /usr/lib
38 info installOne stylus@0.54.2
39 verbose installOne of stylus to /usr/lib not in flight; installing
40 verbose correctMkdir /home/carlos/.npm/_locks correctMkdir not in flight; initializing
41 verbose lock using /home/carlos/.npm/_locks/stylus-7aa750ef11e0319c.lock for /usr/lib/node_modules/stylus
42 silly install write writing stylus 0.54.2 to /usr/lib/node_modules/stylus
43 verbose unbuild lib/node_modules/stylus
44 info preuninstall stylus@0.54.2
45 info uninstall stylus@0.54.2
46 verbose unbuild rmStuff stylus@0.54.2 from /usr/lib/node_modules
47 silly gentlyRm /usr/bin/stylus is being gently removed
48 silly gentlyRm verifying /usr is an npm working directory
49 silly gentlyRm containing path /usr is under npm's control, in /usr
50 silly gentlyRm deletion target /usr/bin/stylus is under /usr
51 verbose gentlyRm vacuuming from /usr/bin/stylus up to /usr
52 silly vacuum-fs removing /usr/bin/stylus
53 verbose unlock done using /home/carlos/.npm/_locks/stylus-7aa750ef11e0319c.lock for /usr/lib/node_modules/stylus
54 verbose stack Error: EACCES: permission denied, unlink '/usr/bin/stylus'
54 verbose stack     at Error (native)
55 verbose cwd /home/carlos/Estudio/FrontEnd
56 error Linux 3.19.0-56-generic
57 error argv "/usr/bin/nodejs" "/usr/bin/npm" "install" "-g" "stylus"
58 error node v4.4.1
59 error npm  v2.14.20
60 error path /usr/bin/stylus
61 error code EACCES
62 error errno -13
63 error syscall unlink
64 error Error: EACCES: permission denied, unlink '/usr/bin/stylus'
64 error     at Error (native)
64 error  { [Error: EACCES: permission denied, unlink '/usr/bin/stylus']
64 error   errno: -13,
64 error   code: 'EACCES',
64 error   syscall: 'unlink',
64 error   path: '/usr/bin/stylus' }
65 error Please try running this command again as root/Administrator.
66 verbose exit [ -13, true ]
67 verbose unbuild lib/node_modules/stylus
68 info preuninstall stylus@0.54.2
69 info uninstall stylus@0.54.2
70 verbose unbuild rmStuff stylus@0.54.2 from /usr/lib/node_modules
71 silly gentlyRm /usr/bin/stylus is being gently removed
72 silly gentlyRm verifying /usr is an npm working directory
73 silly gentlyRm containing path /usr is under npm's control, in /usr
74 silly gentlyRm deletion target /usr/bin/stylus is under /usr
75 verbose gentlyRm vacuuming from /usr/bin/stylus up to /usr
76 silly vacuum-fs removing /usr/bin/stylus
77 error error rolling back Error: EACCES: permission denied, unlink '/usr/bin/stylus'
77 error error rolling back     at Error (native)
77 error error rolling back  { [Error: EACCES: permission denied, unlink '/usr/bin/stylus']
77 error error rolling back   errno: -13,
77 error error rolling back   code: 'EACCES',
77 error error rolling back   syscall: 'unlink',
77 error error rolling back   path: '/usr/bin/stylus' }
